<?xml version="1.0" encoding="UTF-8"?>
<!-- Generated by org.testng.reporters.JUnitXMLReporter -->
<testsuite ignored="0" hostname="e6-vdi-454" failures="0" tests="2" name="Default test" time="80.486" errors="0" timestamp="2023-02-22T02:04:38 EST">
  <testcase classname="com.readyrefresh.testCases.TC_003_RegistrationPageTest" name="addOneTimeProductsToCart" time="29.033"/>
  <testcase classname="com.readyrefresh.testCases.TC_003_RegistrationPageTest" name="checkOutPage" time="32.16"/>
</testsuite> <!-- Default test -->
