<?xml version="1.0" encoding="UTF-8"?>
<!-- Generated by org.testng.reporters.JUnitXMLReporter -->
<testsuite ignored="0" hostname="e6-vdi-454" failures="0" tests="2" name="EdgeTest" time="2.246" errors="0" timestamp="2023-01-03T06:27:07 EST">
  <testcase classname="com.readyrefresh.testCases.TC_003_RegistrationPageTest" name="addOneTimeProductsToCart" time="0.001">
    <skipped/>
  </testcase> <!-- addOneTimeProductsToCart -->
  <testcase classname="com.readyrefresh.testCases.TC_003_RegistrationPageTest" name="checkOutPage" time="0.0">
    <skipped/>
  </testcase> <!-- checkOutPage -->
</testsuite> <!-- EdgeTest -->
