<?xml version="1.0" encoding="UTF-8"?>
<testng-results ignored="0" total="2" passed="2" failed="0" skipped="0">
  <reporter-output>
  </reporter-output>
  <suite started-at="2023-02-22T02:03:18 EST" name="Default suite" finished-at="2023-02-22T02:04:38 EST" duration-ms="80486">
    <groups>
    </groups>
    <test started-at="2023-02-22T02:03:18 EST" name="Default test" finished-at="2023-02-22T02:04:38 EST" duration-ms="80486">
      <class name="com.readyrefresh.testCases.TC_003_RegistrationPageTest">
        <test-method is-config="true" signature="setup()[pri:0, instance:com.readyrefresh.testCases.TC_003_RegistrationPageTest@7ef82753]" started-at="2023-02-22T02:03:18 EST" name="setup" finished-at="2023-02-22T02:03:37 EST" duration-ms="19208" status="PASS">
          <reporter-output>
          </reporter-output>
        </test-method> <!-- setup -->
        <test-method signature="addOneTimeProductsToCart()[pri:1, instance:com.readyrefresh.testCases.TC_003_RegistrationPageTest@7ef82753]" started-at="2023-02-22T02:03:37 EST" name="addOneTimeProductsToCart" finished-at="2023-02-22T02:04:06 EST" duration-ms="29033" status="PASS">
          <reporter-output>
          </reporter-output>
        </test-method> <!-- addOneTimeProductsToCart -->
        <test-method signature="checkOutPage()[pri:2, instance:com.readyrefresh.testCases.TC_003_RegistrationPageTest@7ef82753]" started-at="2023-02-22T02:04:06 EST" name="checkOutPage" finished-at="2023-02-22T02:04:38 EST" duration-ms="32160" status="PASS">
          <reporter-output>
          </reporter-output>
        </test-method> <!-- checkOutPage -->
      </class> <!-- com.readyrefresh.testCases.TC_003_RegistrationPageTest -->
    </test> <!-- Default test -->
  </suite> <!-- Default suite -->
</testng-results>
